2025-07-20 16:10:00 | INFO | repo=WebExample | action=pull
2025-10-08 09:25:00 | WARN | repo=WebExample | action=commit
2025-10-13 07:52:00 | WARN | repo=WebExample | action=commit
2025-09-01 14:26:00 | DEBUG | repo=WebExample | action=commit
2025-05-13 15:58:00 | INFO | repo=WebExample | action=pull
2025-11-21 08:35:00 | WARN | repo=WebExample | action=commit
2025-11-19 17:22:00 | INFO | repo=WebExample | action=pull
2025-11-20 16:33:00 | DEBUG | repo=WebExample | action=commit
2025-05-08 15:27:00 | DEBUG | repo=WebExample | action=edit | files=3
2025-07-21 12:18:00 | WARN | repo=WebExample | action=commit
2025-11-17 07:34:00 | INFO | repo=WebExample | action=commit
2025-10-07 21:35:00 | INFO | repo=WebExample | action=commit
2025-02-12 21:26:00 | INFO | repo=WebExample | action=commit
2025-10-21 16:48:00 | DEBUG | repo=WebExample | action=commit
2025-12-10 13:16:00 | INFO | repo=WebExample | action=commit
2025-12-27 08:45:00 | DEBUG | repo=WebExample | action=commit
2025-02-24 20:22:00 | INFO | repo=WebExample | action=test | passed=true
2025-11-17 15:10:00 | WARN | repo=WebExample | action=commit
2025-12-23 21:52:00 | INFO | repo=WebExample | action=commit
2025-05-06 19:29:00 | WARN | repo=WebExample | action=commit
2025-12-03 14:16:00 | INFO | repo=WebExample | action=commit
2025-04-28 19:59:00 | DEBUG | repo=WebExample | action=pull
2025-07-15 09:58:00 | WARN | repo=WebExample | action=commit
